# JRE version: OpenJDK Runtime Environment (8.0_212) (build 1.8.0_212-release-1586-b4-5784211)
# Java VM: OpenJDK 64-Bit Server VM (25.212-b4-5784211 mixed mode bsd-amd64 compressed oops)
Heap:
 PSYoungGen      total 498688K, used 162535K [0x00000007a0000000, 0x00000007c0000000, 0x00000007c0000000)
  eden space 478208K, 33% used [0x00000007a0000000,0x00000007a9eb9c78,0x00000007bd300000)
  from space 20480K, 0% used [0x00000007bd300000,0x00000007bd300000,0x00000007be700000)
  to   space 25088K, 0% used [0x00000007be780000,0x00000007be780000,0x00000007c0000000)
 ParOldGen       total 128000K, used 32492K [0x0000000760000000, 0x0000000767d00000, 0x00000007a0000000)
  object space 128000K, 25% used [0x0000000760000000,0x0000000761fbb0d8,0x0000000767d00000)
 Metaspace       used 66279K, capacity 68468K, committed 68736K, reserved 1107968K
  class space    used 8842K, capacity 9313K, committed 9344K, reserved 1048576K
GC Heap History (10 events):
Event: 14.015 GC heap before
{Heap before GC invocations=12 (full 2):
 PSYoungGen      total 330752K, used 314880K [0x00000007a0000000, 0x00000007bb000000, 0x00000007c0000000)
  eden space 314880K, 100% used [0x00000007a0000000,0x00000007b3380000,0x00000007b3380000)
  from space 15872K, 0% used [0x00000007b3380000,0x00000007b3380000,0x00000007b4300000)
  to   space 16384K, 0% used [0x00000007ba000000,0x00000007ba000000,0x00000007bb000000)
 ParOldGen       total 97280K, used 14455K [0x0000000760000000, 0x0000000765f00000, 0x00000007a0000000)
  object space 97280K, 14% used [0x0000000760000000,0x0000000760e1dca0,0x0000000765f00000)
 Metaspace       used 45841K, capacity 46964K, committed 47232K, reserved 1089536K
  class space    used 5892K, capacity 6177K, committed 6272K, reserved 1048576K
Event: 14.029 GC heap after
Heap after GC invocations=12 (full 2):
 PSYoungGen      total 417280K, used 15719K [0x00000007a0000000, 0x00000007baf80000, 0x00000007c0000000)
  eden space 401408K, 0% used [0x00000007a0000000,0x00000007a0000000,0x00000007b8800000)
  from space 15872K, 99% used [0x00000007ba000000,0x00000007baf59de8,0x00000007baf80000)
  to   space 18432K, 0% used [0x00000007b8b80000,0x00000007b8b80000,0x00000007b9d80000)
 ParOldGen       total 97280K, used 14543K [0x0000000760000000, 0x0000000765f00000, 0x00000007a0000000)
  object space 97280K, 14% used [0x0000000760000000,0x0000000760e33cb0,0x0000000765f00000)
 Metaspace       used 45841K, capacity 46964K, committed 47232K, reserved 1089536K
  class space    used 5892K, capacity 6177K, committed 6272K, reserved 1048576K
}
Event: 19.046 GC heap before
{Heap before GC invocations=13 (full 2):
 PSYoungGen      total 417280K, used 417127K [0x00000007a0000000, 0x00000007baf80000, 0x00000007c0000000)
  eden space 401408K, 100% used [0x00000007a0000000,0x00000007b8800000,0x00000007b8800000)
  from space 15872K, 99% used [0x00000007ba000000,0x00000007baf59de8,0x00000007baf80000)
  to   space 18432K, 0% used [0x00000007b8b80000,0x00000007b8b80000,0x00000007b9d80000)
 ParOldGen       total 97280K, used 14543K [0x0000000760000000, 0x0000000765f00000, 0x00000007a0000000)
  object space 97280K, 14% used [0x0000000760000000,0x0000000760e33cb0,0x0000000765f00000)
 Metaspace       used 45906K, capacity 47028K, committed 47232K, reserved 1089536K
  class space    used 5892K, capacity 6177K, committed 6272K, reserved 1048576K
Event: 19.058 GC heap after
Heap after GC invocations=13 (full 2):
 PSYoungGen      total 423424K, used 14669K [0x00000007a0000000, 0x00000007c0000000, 0x00000007c0000000)
  eden space 404992K, 0% used [0x00000007a0000000,0x00000007a0000000,0x00000007b8b80000)
  from space 18432K, 79% used [0x00000007b8b80000,0x00000007b99d3538,0x00000007b9d80000)
  to   space 19456K, 0% used [0x00000007bed00000,0x00000007bed00000,0x00000007c0000000)
 ParOldGen       total 97280K, used 14551K [0x0000000760000000, 0x0000000765f00000, 0x00000007a0000000)
  object space 97280K, 14% used [0x0000000760000000,0x0000000760e35cb0,0x0000000765f00000)
 Metaspace       used 45906K, capacity 47028K, committed 47232K, reserved 1089536K
  class space    used 5892K, capacity 6177K, committed 6272K, reserved 1048576K
}
Event: 20.926 GC heap before
{Heap before GC invocations=14 (full 2):
 PSYoungGen      total 423424K, used 419661K [0x00000007a0000000, 0x00000007c0000000, 0x00000007c0000000)
  eden space 404992K, 100% used [0x00000007a0000000,0x00000007b8b80000,0x00000007b8b80000)
  from space 18432K, 79% used [0x00000007b8b80000,0x00000007b99d3538,0x00000007b9d80000)
  to   space 19456K, 0% used [0x00000007bed00000,0x00000007bed00000,0x00000007c0000000)
 ParOldGen       total 97280K, used 14551K [0x0000000760000000, 0x0000000765f00000, 0x00000007a0000000)
  object space 97280K, 14% used [0x0000000760000000,0x0000000760e35cb0,0x0000000765f00000)
 Metaspace       used 54888K, capacity 56436K, committed 56576K, reserved 1097728K
  class space    used 7056K, capacity 7408K, committed 7424K, reserved 1048576K
Event: 20.942 GC heap after
Heap after GC invocations=14 (full 2):
 PSYoungGen      total 497664K, used 19434K [0x00000007a0000000, 0x00000007c0000000, 0x00000007c0000000)
  eden space 478208K, 0% used [0x00000007a0000000,0x00000007a0000000,0x00000007bd300000)
  from space 19456K, 99% used [0x00000007bed00000,0x00000007bfffa9e0,0x00000007c0000000)
  to   space 23040K, 0% used [0x00000007bd300000,0x00000007bd300000,0x00000007be980000)
 ParOldGen       total 97280K, used 17748K [0x0000000760000000, 0x0000000765f00000, 0x00000007a0000000)
  object space 97280K, 18% used [0x0000000760000000,0x0000000761155080,0x0000000765f00000)
 Metaspace       used 54888K, capacity 56436K, committed 56576K, reserved 1097728K
  class space    used 7056K, capacity 7408K, committed 7424K, reserved 1048576K
}
Event: 21.188 GC heap before
{Heap before GC invocations=15 (full 2):
 PSYoungGen      total 497664K, used 53454K [0x00000007a0000000, 0x00000007c0000000, 0x00000007c0000000)
  eden space 478208K, 7% used [0x00000007a0000000,0x00000007a2138ed8,0x00000007bd300000)
  from space 19456K, 99% used [0x00000007bed00000,0x00000007bfffa9e0,0x00000007c0000000)
  to   space 23040K, 0% used [0x00000007bd300000,0x00000007bd300000,0x00000007be980000)
 ParOldGen       total 97280K, used 17748K [0x0000000760000000, 0x0000000765f00000, 0x00000007a0000000)
  object space 97280K, 18% used [0x0000000760000000,0x0000000761155080,0x0000000765f00000)
 Metaspace       used 57392K, capacity 58938K, committed 59136K, reserved 1101824K
  class space    used 7339K, capacity 7657K, committed 7680K, reserved 1048576K
Event: 21.206 GC heap after
Heap after GC invocations=15 (full 2):
 PSYoungGen      total 498688K, used 20032K [0x00000007a0000000, 0x00000007c0000000, 0x00000007c0000000)
  eden space 478208K, 0% used [0x00000007a0000000,0x00000007a0000000,0x00000007bd300000)
  from space 20480K, 97% used [0x00000007bd300000,0x00000007be6900e0,0x00000007be700000)
  to   space 25088K, 0% used [0x00000007be780000,0x00000007be780000,0x00000007c0000000)
 ParOldGen       total 97280K, used 17756K [0x0000000760000000, 0x0000000765f00000, 0x00000007a0000000)
  object space 97280K, 18% used [0x0000000760000000,0x0000000761157080,0x0000000765f00000)
 Metaspace       used 57392K, capacity 58938K, committed 59136K, reserved 1101824K
  class space    used 7339K, capacity 7657K, committed 7680K, reserved 1048576K
}
Event: 21.206 GC heap before
{Heap before GC invocations=16 (full 3):
 PSYoungGen      total 498688K, used 20032K [0x00000007a0000000, 0x00000007c0000000, 0x00000007c0000000)
  eden space 478208K, 0% used [0x00000007a0000000,0x00000007a0000000,0x00000007bd300000)
  from space 20480K, 97% used [0x00000007bd300000,0x00000007be6900e0,0x00000007be700000)
  to   space 25088K, 0% used [0x00000007be780000,0x00000007be780000,0x00000007c0000000)
 ParOldGen       total 97280K, used 17756K [0x0000000760000000, 0x0000000765f00000, 0x00000007a0000000)
  object space 97280K, 18% used [0x0000000760000000,0x0000000761157080,0x0000000765f00000)
 Metaspace       used 57392K, capacity 58938K, committed 59136K, reserved 1101824K
  class space    used 7339K, capacity 7657K, committed 7680K, reserved 1048576K
Event: 21.362 GC heap after
Heap after GC invocations=16 (full 3):
 PSYoungGen      total 498688K, used 0K [0x00000007a0000000, 0x00000007c0000000, 0x00000007c0000000)
  eden space 478208K, 0% used [0x00000007a0000000,0x00000007a0000000,0x00000007bd300000)
  from space 20480K, 0% used [0x00000007bd300000,0x00000007bd300000,0x00000007be700000)
  to   space 25088K, 0% used [0x00000007be780000,0x00000007be780000,0x00000007c0000000)
 ParOldGen       total 128000K, used 32492K [0x0000000760000000, 0x0000000767d00000, 0x00000007a0000000)
  object space 128000K, 25% used [0x0000000760000000,0x0000000761fbb0d8,0x0000000767d00000)
 Metaspace       used 57295K, capacity 58718K, committed 59136K, reserved 1101824K
  class space    used 7313K, capacity 7620K, committed 7680K, reserved 1048576K
}

